This is pdfTeX, Version 3.141592653-2.6-1.40.25 (TeX Live 2023) (preloaded format=pdflatex 2023.3.23)  12 JUN 2023 18:12
entering extended mode
 restricted \write18 enabled.
 %&-line parsing enabled.
**/Users/ulyssedurand/git/stagel3/codecoq/theories/jeu.v
(/Users/ulyssedurand/git/stagel3/codecoq/theories/jeu.v
LaTeX2e <2022-11-01> patch level 1
L3 programming layer <2023-02-22>

! LaTeX Error: Missing \begin{document}.

See the LaTeX manual or LaTeX Companion for explanation.
Type  H <return>  for immediate help.
 ...                                              
                                                  
l.1 R
     equire Import utiles.
? 
! Emergency stop.
 ...                                              
                                                  
l.1 R
     equire Import utiles.
You're in trouble here.  Try typing  <return>  to proceed.
If that doesn't work, type  X <return>  to quit.

 
Here is how much of TeX's memory you used:
 19 strings out of 477476
 643 string characters out of 5824244
 1849388 words of memory out of 5000000
 20359 multiletter control sequences out of 15000+600000
 512287 words of font info for 32 fonts, out of 8000000 for 9000
 319 hyphenation exceptions out of 8191
 13i,0n,12p,109b,14s stack positions out of 10000i,1000n,20000p,200000b,200000s
!  ==> Fatal error occurred, no output PDF file produced!
